Using pre-set license
Built from '2020.2/release' branch; Version is '2020.2.4f1 (becced5a802b) revision 12504301'; Using compiler version '192528614'; Build Type 'Release'
OS: 'Windows 10 Pro; OS build 18362.175; Version 1903; 64bit' Language: 'en' Physical Memory: 16326 MB
BatchMode: 1, IsHumanControllingUs: 0, StartBugReporterOnCrash: 0, Is64bit: 1, IsPro: 0

 COMMAND LINE ARGUMENTS:
C:\Program Files\Unity\Hub\Editor\2020.2.4f1\Editor\Unity.exe
-adb2
-batchMode
-noUpm
-name
AssetImportWorker0
-projectPath
E:/Unity Projects/Desert Hero
-logFile
Logs/AssetImportWorker0.log
-srvPort
54672
Successfully changed project path to: E:/Unity Projects/Desert Hero
E:/Unity Projects/Desert Hero
Using Asset Import Pipeline V2.
Refreshing native plugins compatible for Editor in 25.31 ms, found 0 plugins.
Preloading 0 native plugins for Editor in 0.00 ms.
Initialize engine version: 2020.2.4f1 (becced5a802b)
[Subsystems] Discovering subsystems at path C:/Program Files/Unity/Hub/Editor/2020.2.4f1/Editor/Data/Resources/UnitySubsystems
[Subsystems] Discovering subsystems at path E:/Unity Projects/Desert Hero/Assets
GfxDevice: creating device client; threaded=0
Direct3D:
    Version:  Direct3D 11.0 [level 11.1]
    Renderer: NVIDIA GeForce RTX 2060 (ID=0x1f08)
    Vendor:   
    VRAM:     5980 MB
    Driver:   27.21.14.6589
Initialize mono
Mono path[0] = 'C:/Program Files/Unity/Hub/Editor/2020.2.4f1/Editor/Data/Managed'
Mono path[1] = 'C:/Program Files/Unity/Hub/Editor/2020.2.4f1/Editor/Data/MonoBleedingEdge/lib/mono/unityjit'
Mono config path = 'C:/Program Files/Unity/Hub/Editor/2020.2.4f1/Editor/Data/MonoBleedingEdge/etc'
Using monoOptions --debugger-agent=transport=dt_socket,embedding=1,server=y,suspend=n,address=127.0.0.1:56656
Begin MonoManager ReloadAssembly
Registering precompiled unity dll's ...
Register platform support module: C:/Program Files/Unity/Hub/Editor/2020.2.4f1/Editor/Data/PlaybackEngines/WebGLSupport/UnityEditor.WebGL.Extensions.dll
Register platform support module: C:/Program Files/Unity/Hub/Editor/2020.2.4f1/Editor/Data/PlaybackEngines/WindowsStandaloneSupport/UnityEditor.WindowsStandalone.Extensions.dll
Registered in 0.017089 seconds.
Native extension for WindowsStandalone target not found
Native extension for WebGL target not found
Refreshing native plugins compatible for Editor in 25.17 ms, found 0 plugins.
Preloading 0 native plugins for Editor in 0.00 ms.
Invoked RoslynAnalysisRunner static constructor.
RoslynAnalysisRunner will not be running.
RoslynAnalysisRunner has terminated.
Mono: successfully reloaded assembly
- Completed reload, in  3.948 seconds
Platform modules already initialized, skipping
Registering precompiled user dll's ...
Registered in 0.000954 seconds.
Begin MonoManager ReloadAssembly
Native extension for WindowsStandalone target not found
Native extension for WebGL target not found
Refreshing native plugins compatible for Editor in 0.25 ms, found 0 plugins.
Preloading 0 native plugins for Editor in 0.00 ms.
Invoked RoslynAnalysisRunner static constructor.
RoslynAnalysisRunner will not be running.
RoslynAnalysisRunner has terminated.
Mono: successfully reloaded assembly
- Completed reload, in  1.285 seconds
Platform modules already initialized, skipping
========================================================================
Worker process is ready to serve import requests
Launched and connected shader compiler UnityShaderCompiler.exe after 0.06 seconds
Refreshing native plugins compatible for Editor in 0.21 ms, found 0 plugins.
Preloading 0 native plugins for Editor in 0.00 ms.
Unloading 1154 Unused Serialized files (Serialized files now loaded: 0)
System memory in use before: 59.7 MB.
System memory in use after: 59.7 MB.

Unloading 10 unused Assets to reduce memory usage. Loaded Objects now: 1600.
Total: 1.694000 ms (FindLiveObjects: 0.131400 ms CreateObjectMapping: 0.028900 ms MarkObjects: 1.453800 ms  DeleteObjects: 0.078900 ms)

========================================================================
Received Import Request.
  path: Assets/Sounds/Insaniquarium! Deluxe Original Soundtrack - Title Screen Tank 4.mp3
  artifactKey: Guid(719226d8937f04848b00f8f742fb4419) Importer(815301076,1909f56bfc062723c751e8b465ee728b)
Start importing Assets/Sounds/Insaniquarium! Deluxe Original Soundtrack - Title Screen Tank 4.mp3 using Guid(719226d8937f04848b00f8f742fb4419) Importer(815301076,1909f56bfc062723c751e8b465ee728b)  -> (artifact id: '5e2be374b1e4a372a8e2be4c465efc14') in 0.293603 seconds
  Import took 0.295709 seconds .

========================================================================
Received Import Request.
  Time since last request: 0.000197 seconds.
  path: Assets/Sounds/Rayman 3 Soundtrack - ...Disco Jam.mp3
  artifactKey: Guid(47efc170b3904824d8c207c610d75ab6) Importer(815301076,1909f56bfc062723c751e8b465ee728b)
Start importing Assets/Sounds/Rayman 3 Soundtrack - ...Disco Jam.mp3 using Guid(47efc170b3904824d8c207c610d75ab6) Importer(815301076,1909f56bfc062723c751e8b465ee728b)  -> (artifact id: '1693af3308309d9e736561aa141229b8') in 0.015363 seconds
  Import took 0.017136 seconds .

========================================================================
Received Import Request.
  Time since last request: 0.000252 seconds.
  path: Assets/Sounds/PEW SOUND EFFECT (1) (mp3cut.net).mp3
  artifactKey: Guid(89f67823dae27a744b04dd93a483df98) Importer(815301076,1909f56bfc062723c751e8b465ee728b)
Start importing Assets/Sounds/PEW SOUND EFFECT (1) (mp3cut.net).mp3 using Guid(89f67823dae27a744b04dd93a483df98) Importer(815301076,1909f56bfc062723c751e8b465ee728b)  -> (artifact id: '66df5d2f6461c160085481054e586c9b') in 0.016621 seconds
  Import took 0.018674 seconds .

========================================================================
Received Import Request.
  Time since last request: 8.177726 seconds.
  path: Assets/Sprites/Buttons.png
  artifactKey: Guid(2c2a5bd57033c7545a5b6456e59381fd) Importer(815301076,1909f56bfc062723c751e8b465ee728b)
Start importing Assets/Sprites/Buttons.png using Guid(2c2a5bd57033c7545a5b6456e59381fd) Importer(815301076,1909f56bfc062723c751e8b465ee728b)  -> (artifact id: 'e693567056c74e4e9905b234c13242bf') in 0.172137 seconds
  Import took 0.174167 seconds .

========================================================================
Received Import Request.
  Time since last request: 0.000205 seconds.
  path: Assets/Sprites/heart-icon-transparent-png-svg-vector-heart-graphics-png-512_512.png
  artifactKey: Guid(89c769ba8be50c845b5607b5dcdfde52) Importer(815301076,1909f56bfc062723c751e8b465ee728b)
Start importing Assets/Sprites/heart-icon-transparent-png-svg-vector-heart-graphics-png-512_512.png using Guid(89c769ba8be50c845b5607b5dcdfde52) Importer(815301076,1909f56bfc062723c751e8b465ee728b)  -> (artifact id: '7f6ee011cd43f2b230cb8dad49563416') in 0.016233 seconds
  Import took 0.018005 seconds .

========================================================================
Received Import Request.
  Time since last request: 0.000279 seconds.
  path: Assets/Sprites/Cactus.png
  artifactKey: Guid(58395259e4fcb9e4595bff80df7232d8) Importer(815301076,1909f56bfc062723c751e8b465ee728b)
Start importing Assets/Sprites/Cactus.png using Guid(58395259e4fcb9e4595bff80df7232d8) Importer(815301076,1909f56bfc062723c751e8b465ee728b)  -> (artifact id: 'e58c6a6d417fe4bb3b04927aece3e929') in 0.017469 seconds
  Import took 0.019310 seconds .

========================================================================
Received Import Request.
  Time since last request: 6.069020 seconds.
  path: Assets/Materials/ReflectionProbe-0.exr
  artifactKey: Guid(2f7cc94aca5a43542904d1c7ce0a7d42) Importer(815301076,1909f56bfc062723c751e8b465ee728b)
Start importing Assets/Materials/ReflectionProbe-0.exr using Guid(2f7cc94aca5a43542904d1c7ce0a7d42) Importer(815301076,1909f56bfc062723c751e8b465ee728b)  -> (artifact id: '9a18a37fb31132d2b18f1ee6cf6257e3') in 0.033337 seconds
  Import took 0.035365 seconds .

========================================================================
Received Prepare
Registering precompiled user dll's ...
Registered in 0.000981 seconds.
Begin MonoManager ReloadAssembly
Native extension for WindowsStandalone target not found
Native extension for WebGL target not found
Refreshing native plugins compatible for Editor in 0.25 ms, found 0 plugins.
Preloading 0 native plugins for Editor in 0.00 ms.
Invoked RoslynAnalysisRunner static constructor.
RoslynAnalysisRunner will not be running.
RoslynAnalysisRunner has terminated.
Mono: successfully reloaded assembly
- Completed reload, in  1.206 seconds
Platform modules already initialized, skipping
Refreshing native plugins compatible for Editor in 0.24 ms, found 0 plugins.
Preloading 0 native plugins for Editor in 0.00 ms.
Unloading 1147 Unused Serialized files (Serialized files now loaded: 0)
System memory in use before: 62.9 MB.
System memory in use after: 63.0 MB.

Unloading 5 unused Assets to reduce memory usage. Loaded Objects now: 1642.
Total: 1.696200 ms (FindLiveObjects: 0.133100 ms CreateObjectMapping: 0.026900 ms MarkObjects: 1.481200 ms  DeleteObjects: 0.054000 ms)

========================================================================
Received Prepare
Refreshing native plugins compatible for Editor in 0.93 ms, found 0 plugins.
Preloading 0 native plugins for Editor in 0.00 ms.
Unloading 3 Unused Serialized files (Serialized files now loaded: 0)
System memory in use before: 40.2 MB.
System memory in use after: 40.3 MB.

Unloading 3 unused Assets to reduce memory usage. Loaded Objects now: 1642.
Total: 1.587300 ms (FindLiveObjects: 0.141700 ms CreateObjectMapping: 0.027400 ms MarkObjects: 1.366700 ms  DeleteObjects: 0.050600 ms)

AssetImportWorkerClient::OnTransportError - code=2 error=End of file
