Using pre-set license
Built from '2020.2/release' branch; Version is '2020.2.4f1 (becced5a802b) revision 12504301'; Using compiler version '192528614'; Build Type 'Release'
OS: 'Windows 10 Pro; OS build 18362.175; Version 1903; 64bit' Language: 'en' Physical Memory: 16326 MB
BatchMode: 1, IsHumanControllingUs: 0, StartBugReporterOnCrash: 0, Is64bit: 1, IsPro: 0

 COMMAND LINE ARGUMENTS:
C:\Program Files\Unity\Hub\Editor\2020.2.4f1\Editor\Unity.exe
-adb2
-batchMode
-noUpm
-name
AssetImportWorker1
-projectPath
E:/Unity Projects/Desert Hero
-logFile
Logs/AssetImportWorker1.log
-srvPort
54660
Successfully changed project path to: E:/Unity Projects/Desert Hero
E:/Unity Projects/Desert Hero
Using Asset Import Pipeline V2.
Refreshing native plugins compatible for Editor in 24.81 ms, found 0 plugins.
Preloading 0 native plugins for Editor in 0.00 ms.
Initialize engine version: 2020.2.4f1 (becced5a802b)
[Subsystems] Discovering subsystems at path C:/Program Files/Unity/Hub/Editor/2020.2.4f1/Editor/Data/Resources/UnitySubsystems
[Subsystems] Discovering subsystems at path E:/Unity Projects/Desert Hero/Assets
GfxDevice: creating device client; threaded=0
Direct3D:
    Version:  Direct3D 11.0 [level 11.1]
    Renderer: NVIDIA GeForce RTX 2060 (ID=0x1f08)
    Vendor:   
    VRAM:     5980 MB
    Driver:   27.21.14.6589
Initialize mono
Mono path[0] = 'C:/Program Files/Unity/Hub/Editor/2020.2.4f1/Editor/Data/Managed'
Mono path[1] = 'C:/Program Files/Unity/Hub/Editor/2020.2.4f1/Editor/Data/MonoBleedingEdge/lib/mono/unityjit'
Mono config path = 'C:/Program Files/Unity/Hub/Editor/2020.2.4f1/Editor/Data/MonoBleedingEdge/etc'
Using monoOptions --debugger-agent=transport=dt_socket,embedding=1,server=y,suspend=n,address=127.0.0.1:56780
Begin MonoManager ReloadAssembly
Registering precompiled unity dll's ...
Register platform support module: C:/Program Files/Unity/Hub/Editor/2020.2.4f1/Editor/Data/PlaybackEngines/WindowsStandaloneSupport/UnityEditor.WindowsStandalone.Extensions.dll
Registered in 0.014099 seconds.
Native extension for WindowsStandalone target not found
Refreshing native plugins compatible for Editor in 25.02 ms, found 0 plugins.
Preloading 0 native plugins for Editor in 0.00 ms.
Invoked RoslynAnalysisRunner static constructor.
RoslynAnalysisRunner will not be running.
RoslynAnalysisRunner has terminated.
Mono: successfully reloaded assembly
- Completed reload, in  3.587 seconds
Platform modules already initialized, skipping
Registering precompiled user dll's ...
Registered in 0.000963 seconds.
Begin MonoManager ReloadAssembly
Native extension for WindowsStandalone target not found
Refreshing native plugins compatible for Editor in 0.22 ms, found 0 plugins.
Preloading 0 native plugins for Editor in 0.00 ms.
Invoked RoslynAnalysisRunner static constructor.
RoslynAnalysisRunner will not be running.
RoslynAnalysisRunner has terminated.
Mono: successfully reloaded assembly
- Completed reload, in  1.249 seconds
Platform modules already initialized, skipping
========================================================================
Worker process is ready to serve import requests
Launched and connected shader compiler UnityShaderCompiler.exe after 0.08 seconds
Refreshing native plugins compatible for Editor in 0.24 ms, found 0 plugins.
Preloading 0 native plugins for Editor in 0.00 ms.
Unloading 1154 Unused Serialized files (Serialized files now loaded: 0)
System memory in use before: 59.6 MB.
System memory in use after: 59.6 MB.

Unloading 10 unused Assets to reduce memory usage. Loaded Objects now: 1599.
Total: 1.609800 ms (FindLiveObjects: 0.129100 ms CreateObjectMapping: 0.028600 ms MarkObjects: 1.374800 ms  DeleteObjects: 0.076100 ms)

========================================================================
Received Import Request.
  path: Assets/Scripts/ObjectDestroyer.cs
  artifactKey: Guid(9613111755ad98a49a061c9b38a25b3a) Importer(815301076,1909f56bfc062723c751e8b465ee728b)
Start importing Assets/Scripts/ObjectDestroyer.cs using Guid(9613111755ad98a49a061c9b38a25b3a) Importer(815301076,1909f56bfc062723c751e8b465ee728b)  -> (artifact id: '47e2a73f374805d2277a39983100368a') in 0.062337 seconds
  Import took 0.087419 seconds .

========================================================================
Received Import Request.
  Time since last request: 26.134964 seconds.
  path: Assets/Scripts/Bullet.cs
  artifactKey: Guid(d306fb84de7773245baaa3fdd6f9d0d7) Importer(815301076,1909f56bfc062723c751e8b465ee728b)
Start importing Assets/Scripts/Bullet.cs using Guid(d306fb84de7773245baaa3fdd6f9d0d7) Importer(815301076,1909f56bfc062723c751e8b465ee728b)  -> (artifact id: '864e085f1c149acc92a3ea70980f6d46') in 0.007096 seconds
  Import took 0.008975 seconds .

========================================================================
Received Import Request.
  Time since last request: 0.025679 seconds.
  path: Assets/Scripts/Bullet.cs
  artifactKey: Guid(d306fb84de7773245baaa3fdd6f9d0d7) Importer(815301076,1909f56bfc062723c751e8b465ee728b)
Start importing Assets/Scripts/Bullet.cs using Guid(d306fb84de7773245baaa3fdd6f9d0d7) Importer(815301076,1909f56bfc062723c751e8b465ee728b)  -> (artifact id: '864e085f1c149acc92a3ea70980f6d46') in 0.003171 seconds
  Import took 0.005227 seconds .

========================================================================
Received Import Request.
  Time since last request: 12.863572 seconds.
  path: Assets/Scripts/Player.cs
  artifactKey: Guid(afa5329da19dd4f48910dc223c9f6220) Importer(815301076,1909f56bfc062723c751e8b465ee728b)
Start importing Assets/Scripts/Player.cs using Guid(afa5329da19dd4f48910dc223c9f6220) Importer(815301076,1909f56bfc062723c751e8b465ee728b)  -> (artifact id: 'fe14404d3746512fdfb0bbcf30e310eb') in 0.006498 seconds
  Import took 0.008437 seconds .

========================================================================
Received Import Request.
  Time since last request: 0.003308 seconds.
  path: Assets/Scripts/Player.cs
  artifactKey: Guid(afa5329da19dd4f48910dc223c9f6220) Importer(815301076,1909f56bfc062723c751e8b465ee728b)
Start importing Assets/Scripts/Player.cs using Guid(afa5329da19dd4f48910dc223c9f6220) Importer(815301076,1909f56bfc062723c751e8b465ee728b)  -> (artifact id: 'fe14404d3746512fdfb0bbcf30e310eb') in 0.002887 seconds
  Import took 0.004753 seconds .

========================================================================
Received Import Request.
  Time since last request: 6.446810 seconds.
  path: Assets/Scripts/ScoreManager.cs
  artifactKey: Guid(c78b7bc20ac35b9438f45b877ddf2e64) Importer(815301076,1909f56bfc062723c751e8b465ee728b)
Start importing Assets/Scripts/ScoreManager.cs using Guid(c78b7bc20ac35b9438f45b877ddf2e64) Importer(815301076,1909f56bfc062723c751e8b465ee728b)  -> (artifact id: 'fac47ca0c19f7f8e5f11a412d7ebc35b') in 0.007040 seconds
  Import took 0.008962 seconds .

========================================================================
Received Import Request.
  Time since last request: 1.799828 seconds.
  path: Assets/Scripts/Scroller.cs
  artifactKey: Guid(287ab4e6c5cda664b822f3f1c3751c1c) Importer(815301076,1909f56bfc062723c751e8b465ee728b)
Start importing Assets/Scripts/Scroller.cs using Guid(287ab4e6c5cda664b822f3f1c3751c1c) Importer(815301076,1909f56bfc062723c751e8b465ee728b)  -> (artifact id: 'de1e5cfe4813400f648bdf01f426e982') in 0.002830 seconds
  Import took 0.004735 seconds .

========================================================================
Received Import Request.
  Time since last request: 0.001550 seconds.
  path: Assets/Scripts/Scroller.cs
  artifactKey: Guid(287ab4e6c5cda664b822f3f1c3751c1c) Importer(815301076,1909f56bfc062723c751e8b465ee728b)
Start importing Assets/Scripts/Scroller.cs using Guid(287ab4e6c5cda664b822f3f1c3751c1c) Importer(815301076,1909f56bfc062723c751e8b465ee728b)  -> (artifact id: 'de1e5cfe4813400f648bdf01f426e982') in 0.002857 seconds
  Import took 0.004542 seconds .

========================================================================
Received Import Request.
  Time since last request: 1.749131 seconds.
  path: Assets/Scripts/SpawnManager.cs
  artifactKey: Guid(d419d717a9b53e1479d9dab4f47c936b) Importer(815301076,1909f56bfc062723c751e8b465ee728b)
Start importing Assets/Scripts/SpawnManager.cs using Guid(d419d717a9b53e1479d9dab4f47c936b) Importer(815301076,1909f56bfc062723c751e8b465ee728b)  -> (artifact id: '0f0f95fe8880bc0e9452e0c58db8f178') in 0.006421 seconds
  Import took 0.008294 seconds .

========================================================================
Received Import Request.
  Time since last request: 0.000437 seconds.
  path: Assets/Scripts/SpawnManager.cs
  artifactKey: Guid(d419d717a9b53e1479d9dab4f47c936b) Importer(815301076,1909f56bfc062723c751e8b465ee728b)
Start importing Assets/Scripts/SpawnManager.cs using Guid(d419d717a9b53e1479d9dab4f47c936b) Importer(815301076,1909f56bfc062723c751e8b465ee728b)  -> (artifact id: '0f0f95fe8880bc0e9452e0c58db8f178') in 0.002833 seconds
  Import took 0.004518 seconds .

========================================================================
Received Prepare
Refreshing native plugins compatible for Editor in 0.93 ms, found 0 plugins.
Preloading 0 native plugins for Editor in 0.00 ms.
Unloading 3 Unused Serialized files (Serialized files now loaded: 0)
System memory in use before: 36.5 MB.
System memory in use after: 36.6 MB.

Unloading 3 unused Assets to reduce memory usage. Loaded Objects now: 1599.
Total: 2.026200 ms (FindLiveObjects: 0.172300 ms CreateObjectMapping: 0.028000 ms MarkObjects: 1.758300 ms  DeleteObjects: 0.065700 ms)

========================================================================
Received Import Request.
  Time since last request: 312.988299 seconds.
  path: Assets/Scenes/Main.unity
  artifactKey: Guid(f2dde1249270b5d44bbf07f9bcc7b1ab) Importer(815301076,1909f56bfc062723c751e8b465ee728b)
Start importing Assets/Scenes/Main.unity using Guid(f2dde1249270b5d44bbf07f9bcc7b1ab) Importer(815301076,1909f56bfc062723c751e8b465ee728b)  -> (artifact id: '8e5bb634843b66997b947f33b5e1c2a6') in 0.010065 seconds
  Import took 0.011964 seconds .

========================================================================
Received Prepare
Registering precompiled user dll's ...
Registered in 0.000899 seconds.
Begin MonoManager ReloadAssembly
Native extension for WindowsStandalone target not found
Refreshing native plugins compatible for Editor in 0.21 ms, found 0 plugins.
Preloading 0 native plugins for Editor in 0.00 ms.
Invoked RoslynAnalysisRunner static constructor.
RoslynAnalysisRunner will not be running.
RoslynAnalysisRunner has terminated.
Mono: successfully reloaded assembly
- Completed reload, in  1.207 seconds
Platform modules already initialized, skipping
Switching build target platform(5) subTarget(0) extendedPlatform(0) -> platform(13) subTarget(537395200) extendedPlatform(0)
Refreshing native plugins compatible for Editor in 0.21 ms, found 0 plugins.
Preloading 0 native plugins for Editor in 0.00 ms.
Unloading 1150 Unused Serialized files (Serialized files now loaded: 0)
System memory in use before: 59.3 MB.
System memory in use after: 59.4 MB.

Unloading 5 unused Assets to reduce memory usage. Loaded Objects now: 1601.
Total: 1.482300 ms (FindLiveObjects: 0.124700 ms CreateObjectMapping: 0.025700 ms MarkObjects: 1.283000 ms  DeleteObjects: 0.047800 ms)

AssetImportParameters requested are different than current active one (requested -> active):
  custom:graphics/normal-map-encoding: 01000000000000000000000000000000 -> 02000000000000000000000000000000
========================================================================
Received Prepare
Refreshing native plugins compatible for Editor in 1.00 ms, found 0 plugins.
Preloading 0 native plugins for Editor in 0.00 ms.
Unloading 3 Unused Serialized files (Serialized files now loaded: 0)
System memory in use before: 36.7 MB.
System memory in use after: 36.8 MB.

Unloading 3 unused Assets to reduce memory usage. Loaded Objects now: 1601.
Total: 1.563100 ms (FindLiveObjects: 0.125900 ms CreateObjectMapping: 0.027500 ms MarkObjects: 1.358400 ms  DeleteObjects: 0.050300 ms)

AssetImportWorkerClient::OnTransportError - code=2 error=End of file
